# JRE version: OpenJDK Runtime Environment (8.0_152-b01) (build 1.8.0_152-release-1024-b01)
# Java VM: OpenJDK 64-Bit Server VM (25.152-b01 mixed mode windows-amd64 compressed oops)
Heap:
 PSYoungGen      total 212480K, used 134147K [0x00000000eab00000, 0x00000000fde00000, 0x0000000100000000)
  eden space 199168K, 60% used [0x00000000eab00000,0x00000000f21064f0,0x00000000f6d80000)
  from space 13312K, 99% used [0x00000000f6d80000,0x00000000f7a7aa00,0x00000000f7a80000)
  to   space 17920K, 0% used [0x00000000fcc80000,0x00000000fcc80000,0x00000000fde00000)
 ParOldGen       total 101376K, used 20674K [0x00000000c0000000, 0x00000000c6300000, 0x00000000eab00000)
  object space 101376K, 20% used [0x00000000c0000000,0x00000000c14308c0,0x00000000c6300000)
 Metaspace       used 54157K, capacity 56196K, committed 56408K, reserved 1097728K
  class space    used 7297K, capacity 7803K, committed 7808K, reserved 1048576K
GC Heap History (10 events):
Event: 5.016 GC heap before
{Heap before GC invocations=5 (full 1):
 PSYoungGen      total 138240K, used 5096K [0x00000000eab00000, 0x00000000f3700000, 0x0000000100000000)
  eden space 133120K, 0% used [0x00000000eab00000,0x00000000eab00000,0x00000000f2d00000)
  from space 5120K, 99% used [0x00000000f3200000,0x00000000f36fa050,0x00000000f3700000)
  to   space 5120K, 0% used [0x00000000f2d00000,0x00000000f2d00000,0x00000000f3200000)
 ParOldGen       total 87552K, used 9370K [0x00000000c0000000, 0x00000000c5580000, 0x00000000eab00000)
  object space 87552K, 10% used [0x00000000c0000000,0x00000000c0926ab0,0x00000000c5580000)
 Metaspace       used 20801K, capacity 21212K, committed 21248K, reserved 1067008K
  class space    used 2897K, capacity 3043K, committed 3072K, reserved 1048576K
Event: 5.064 GC heap after
Heap after GC invocations=5 (full 1):
 PSYoungGen      total 138240K, used 0K [0x00000000eab00000, 0x00000000f3700000, 0x0000000100000000)
  eden space 133120K, 0% used [0x00000000eab00000,0x00000000eab00000,0x00000000f2d00000)
  from space 5120K, 0% used [0x00000000f3200000,0x00000000f3200000,0x00000000f3700000)
  to   space 5120K, 0% used [0x00000000f2d00000,0x00000000f2d00000,0x00000000f3200000)
 ParOldGen       total 62976K, used 8347K [0x00000000c0000000, 0x00000000c3d80000, 0x00000000eab00000)
  object space 62976K, 13% used [0x00000000c0000000,0x00000000c0826c48,0x00000000c3d80000)
 Metaspace       used 20801K, capacity 21212K, committed 21248K, reserved 1067008K
  class space    used 2897K, capacity 3043K, committed 3072K, reserved 1048576K
}
Event: 7.335 GC heap before
{Heap before GC invocations=6 (full 1):
 PSYoungGen      total 138240K, used 133120K [0x00000000eab00000, 0x00000000f3700000, 0x0000000100000000)
  eden space 133120K, 100% used [0x00000000eab00000,0x00000000f2d00000,0x00000000f2d00000)
  from space 5120K, 0% used [0x00000000f3200000,0x00000000f3200000,0x00000000f3700000)
  to   space 5120K, 0% used [0x00000000f2d00000,0x00000000f2d00000,0x00000000f3200000)
 ParOldGen       total 62976K, used 8347K [0x00000000c0000000, 0x00000000c3d80000, 0x00000000eab00000)
  object space 62976K, 13% used [0x00000000c0000000,0x00000000c0826c48,0x00000000c3d80000)
 Metaspace       used 30992K, capacity 31754K, committed 31872K, reserved 1077248K
  class space    used 4230K, capacity 4454K, committed 4480K, reserved 1048576K
Event: 7.347 GC heap after
Heap after GC invocations=6 (full 1):
 PSYoungGen      total 138240K, used 5088K [0x00000000eab00000, 0x00000000f8b80000, 0x0000000100000000)
  eden space 133120K, 0% used [0x00000000eab00000,0x00000000eab00000,0x00000000f2d00000)
  from space 5120K, 99% used [0x00000000f2d00000,0x00000000f31f8030,0x00000000f3200000)
  to   space 14336K, 0% used [0x00000000f7d80000,0x00000000f7d80000,0x00000000f8b80000)
 ParOldGen       total 62976K, used 15677K [0x00000000c0000000, 0x00000000c3d80000, 0x00000000eab00000)
  object space 62976K, 24% used [0x00000000c0000000,0x00000000c0f4f7e0,0x00000000c3d80000)
 Metaspace       used 30992K, capacity 31754K, committed 31872K, reserved 1077248K
  class space    used 4230K, capacity 4454K, committed 4480K, reserved 1048576K
}
Event: 8.455 GC heap before
{Heap before GC invocations=7 (full 1):
 PSYoungGen      total 138240K, used 57739K [0x00000000eab00000, 0x00000000f8b80000, 0x0000000100000000)
  eden space 133120K, 39% used [0x00000000eab00000,0x00000000ede6af88,0x00000000f2d00000)
  from space 5120K, 99% used [0x00000000f2d00000,0x00000000f31f8030,0x00000000f3200000)
  to   space 14336K, 0% used [0x00000000f7d80000,0x00000000f7d80000,0x00000000f8b80000)
 ParOldGen       total 62976K, used 15677K [0x00000000c0000000, 0x00000000c3d80000, 0x00000000eab00000)
  object space 62976K, 24% used [0x00000000c0000000,0x00000000c0f4f7e0,0x00000000c3d80000)
 Metaspace       used 34591K, capacity 35320K, committed 35416K, reserved 1079296K
  class space    used 4679K, capacity 4924K, committed 4992K, reserved 1048576K
Event: 8.464 GC heap after
Heap after GC invocations=7 (full 1):
 PSYoungGen      total 209408K, used 7913K [0x00000000eab00000, 0x00000000f8780000, 0x0000000100000000)
  eden space 199168K, 0% used [0x00000000eab00000,0x00000000eab00000,0x00000000f6d80000)
  from space 10240K, 77% used [0x00000000f7d80000,0x00000000f853a4e8,0x00000000f8780000)
  to   space 13312K, 0% used [0x00000000f6d80000,0x00000000f6d80000,0x00000000f7a80000)
 ParOldGen       total 62976K, used 15749K [0x00000000c0000000, 0x00000000c3d80000, 0x00000000eab00000)
  object space 62976K, 25% used [0x00000000c0000000,0x00000000c0f617f0,0x00000000c3d80000)
 Metaspace       used 34591K, capacity 35320K, committed 35416K, reserved 1079296K
  class space    used 4679K, capacity 4924K, committed 4992K, reserved 1048576K
}
Event: 8.464 GC heap before
{Heap before GC invocations=8 (full 2):
 PSYoungGen      total 209408K, used 7913K [0x00000000eab00000, 0x00000000f8780000, 0x0000000100000000)
  eden space 199168K, 0% used [0x00000000eab00000,0x00000000eab00000,0x00000000f6d80000)
  from space 10240K, 77% used [0x00000000f7d80000,0x00000000f853a4e8,0x00000000f8780000)
  to   space 13312K, 0% used [0x00000000f6d80000,0x00000000f6d80000,0x00000000f7a80000)
 ParOldGen       total 62976K, used 15749K [0x00000000c0000000, 0x00000000c3d80000, 0x00000000eab00000)
  object space 62976K, 25% used [0x00000000c0000000,0x00000000c0f617f0,0x00000000c3d80000)
 Metaspace       used 34591K, capacity 35320K, committed 35416K, reserved 1079296K
  class space    used 4679K, capacity 4924K, committed 4992K, reserved 1048576K
Event: 8.519 GC heap after
Heap after GC invocations=8 (full 2):
 PSYoungGen      total 209408K, used 0K [0x00000000eab00000, 0x00000000f8780000, 0x0000000100000000)
  eden space 199168K, 0% used [0x00000000eab00000,0x00000000eab00000,0x00000000f6d80000)
  from space 10240K, 0% used [0x00000000f7d80000,0x00000000f7d80000,0x00000000f8780000)
  to   space 13312K, 0% used [0x00000000f6d80000,0x00000000f6d80000,0x00000000f7a80000)
 ParOldGen       total 101376K, used 15538K [0x00000000c0000000, 0x00000000c6300000, 0x00000000eab00000)
  object space 101376K, 15% used [0x00000000c0000000,0x00000000c0f2c820,0x00000000c6300000)
 Metaspace       used 34591K, capacity 35320K, committed 35416K, reserved 1079296K
  class space    used 4679K, capacity 4924K, committed 4992K, reserved 1048576K
}
Event: 12.463 GC heap before
{Heap before GC invocations=9 (full 2):
 PSYoungGen      total 209408K, used 199168K [0x00000000eab00000, 0x00000000f8780000, 0x0000000100000000)
  eden space 199168K, 100% used [0x00000000eab00000,0x00000000f6d80000,0x00000000f6d80000)
  from space 10240K, 0% used [0x00000000f7d80000,0x00000000f7d80000,0x00000000f8780000)
  to   space 13312K, 0% used [0x00000000f6d80000,0x00000000f6d80000,0x00000000f7a80000)
 ParOldGen       total 101376K, used 15538K [0x00000000c0000000, 0x00000000c6300000, 0x00000000eab00000)
  object space 101376K, 15% used [0x00000000c0000000,0x00000000c0f2c820,0x00000000c6300000)
 Metaspace       used 47462K, capacity 48630K, committed 48984K, reserved 1091584K
  class space    used 6322K, capacity 6684K, committed 6784K, reserved 1048576K
Event: 12.487 GC heap after
Heap after GC invocations=9 (full 2):
 PSYoungGen      total 212480K, used 13290K [0x00000000eab00000, 0x00000000fde00000, 0x0000000100000000)
  eden space 199168K, 0% used [0x00000000eab00000,0x00000000eab00000,0x00000000f6d80000)
  from space 13312K, 99% used [0x00000000f6d80000,0x00000000f7a7aa00,0x00000000f7a80000)
  to   space 17920K, 0% used [0x00000000fcc80000,0x00000000fcc80000,0x00000000fde00000)
 ParOldGen       total 101376K, used 20674K [0x00000000c0000000, 0x00000000c6300000, 0x00000000eab00000)
  object space 101376K, 20% used [0x00000000c0000000,0x00000000c14308c0,0x00000000c6300000)
 Metaspace       used 47462K, capacity 48630K, committed 48984K, reserved 1091584K
  class space    used 6322K, capacity 6684K, committed 6784K, reserved 1048576K
}

